Apr 01, 2016 1:30:02 PM com.rapidminer.tools.FileSystemService getUserRapidMinerDir
WARNING: Unable to create user home rapidminer directory usersHomeDir\.RapidMiner
Apr 01, 2016 1:30:02 PM com.rapidminer.tools.I18N <clinit>
INFO: Set locale to en.
Apr 01, 2016 1:30:02 PM com.rapidminer.RapidMiner performFirstInitialization
INFO: Performing upgrade  to version 7.0.001
Apr 01, 2016 1:30:02 PM com.rapidminer.core.license.ProductConstraintManager initialize
INFO: Initializing license manager.
Apr 01, 2016 1:30:02 PM com.rapidminer.core.license.ProductConstraintManager initialize
INFO: Using default license location.
Apr 01, 2016 1:30:02 PM com.rapidminer.core.license.ProductConstraintManager initialize
INFO: Registering default product.
Apr 01, 2016 1:30:03 PM com.rapidminer.tools.plugin.Plugin registerPlugins
INFO: Register plugin: Cloud Connectivity
Apr 01, 2016 1:30:03 PM com.rapidminer.tools.plugin.Plugin registerPlugins
INFO: Register plugin: Cloud Execution
Apr 01, 2016 1:30:03 PM com.rapidminer.tools.plugin.Plugin registerPlugins
INFO: Register plugin: Data Editor
Apr 01, 2016 1:30:03 PM com.rapidminer.tools.plugin.Plugin registerPlugins
INFO: Register plugin: Operator Recommender
Apr 01, 2016 1:30:03 PM com.rapidminer.tools.plugin.Plugin registerPlugins
INFO: Register plugin: Process Scheduling
Apr 01, 2016 1:30:03 PM com.rapidminer.tools.plugin.Plugin registerPlugins
INFO: Register plugin: Advanced File Connectors
Apr 01, 2016 1:30:03 PM com.rapidminer.tools.plugin.Plugin registerPlugins
INFO: Register plugin: JDBC Connectors
Apr 01, 2016 1:30:03 PM com.rapidminer.tools.plugin.Plugin registerPlugins
INFO: Register plugin: Legacy Result Access
Apr 01, 2016 1:30:03 PM com.rapidminer.tools.plugin.Plugin registerPlugins
INFO: Register plugin: Productivity
Apr 01, 2016 1:30:03 PM com.rapidminer.tools.plugin.Plugin registerPlugins
INFO: Register plugin: Remote Repository
Apr 01, 2016 1:30:03 PM com.rapidminer.tools.plugin.Plugin registerPlugins
INFO: Register plugin: Social Media
Apr 01, 2016 1:30:04 PM com.rapidminer.tools.config.ConfigurationManager register
INFO: Registered configurator Salesforce Connection.
Apr 01, 2016 1:30:04 PM com.rapidminer.tools.config.ConfigurationManager register
INFO: Registered configurator Amazon S3 Connection.
Apr 01, 2016 1:30:04 PM com.rapidminer.tools.config.ConfigurationManager register
INFO: Registered configurator Dropbox Connection.
Apr 01, 2016 1:30:05 PM com.rapidminer.extension.jdbc.tools.jdbc.JDBCProperties registerDrivers
INFO: JDBC driver com.mysql.jdbc.Driver not found. Probably the driver is not installed.
Apr 01, 2016 1:30:05 PM com.rapidminer.extension.jdbc.tools.jdbc.JDBCProperties registerDrivers
INFO: JDBC driver org.postgresql.Driver not found. Probably the driver is not installed.
Apr 01, 2016 1:30:05 PM com.rapidminer.extension.jdbc.tools.jdbc.JDBCProperties registerDrivers
INFO: JDBC driver net.sourceforge.jtds.jdbc.Driver not found. Probably the driver is not installed.
Apr 01, 2016 1:30:05 PM com.rapidminer.extension.jdbc.tools.jdbc.JDBCProperties registerDrivers
INFO: JDBC driver org.hsqldb.jdbcDriver not found. Probably the driver is not installed.
Apr 01, 2016 1:30:05 PM com.rapidminer.extension.jdbc.tools.jdbc.JDBCProperties <init>
WARNING: Missing database driver class name for ODBC Bridge (e.g. Access)
Apr 01, 2016 1:30:05 PM com.rapidminer.extension.jdbc.tools.jdbc.JDBCProperties registerDrivers
INFO: JDBC driver com.ingres.jdbc.IngresDriver not found. Probably the driver is not installed.
Apr 01, 2016 1:30:05 PM com.rapidminer.extension.jdbc.tools.jdbc.JDBCProperties registerDrivers
INFO: JDBC driver ca.ingres.jdbc.IngresDriver not found. Probably the driver is not installed.
Apr 01, 2016 1:30:05 PM com.rapidminer.extension.jdbc.tools.jdbc.JDBCProperties registerDrivers
INFO: JDBC driver net.ucanaccess.jdbc.UcanaccessDriver not found. Probably the driver is not installed.
Apr 01, 2016 1:30:05 PM com.rapidminer.tools.cipher.FileCipherKeyProvider loadKey
WARNING: Failed to retrieve secret key: usersHomeDir\.RapidMiner\cipher.key (The system cannot find the file specified)
Apr 01, 2016 1:30:05 PM com.rapidminer.extension.jdbc.tools.jdbc.connection.FileDatabaseConnectionProvider writeXMLConnectionsEntries
WARNING: Cannot retrieve key, probably no one was created: java.io.IOException: Cannot retrieve key: usersHomeDir\.RapidMiner\cipher.key (The system cannot find the file specified)
java.io.IOException: Cannot retrieve key: usersHomeDir\.RapidMiner\cipher.key (The system cannot find the file specified)
	at com.rapidminer.tools.cipher.KeyGeneratorTool.getUserKey(KeyGeneratorTool.java:158)
	at com.rapidminer.extension.jdbc.tools.jdbc.connection.FileDatabaseConnectionProvider.writeXMLConnectionsEntries(FileDatabaseConnectionProvider.java:89)
	at com.rapidminer.extension.jdbc.tools.jdbc.connection.FileDatabaseConnectionProvider.readConnectionEntries(FileDatabaseConnectionProvider.java:45)
	at com.rapidminer.extension.jdbc.tools.jdbc.connection.DatabaseConnectionService.init(DatabaseConnectionService.java:66)
	at com.rapidminer.extension.jdbc.PluginInitJDBCConnectors.initPlugin(PluginInitJDBCConnectors.java:89)
	at sun.reflect.NativeMethodAccessorImpl.invoke0(Native Method)
	at sun.reflect.NativeMethodAccessorImpl.invoke(NativeMethodAccessorImpl.java:62)
	at sun.reflect.DelegatingMethodAccessorImpl.invoke(DelegatingMethodAccessorImpl.java:43)
	at java.lang.reflect.Method.invoke(Method.java:497)
	at com.rapidminer.tools.plugin.Plugin.callInitMethod(Plugin.java:917)
	at com.rapidminer.tools.plugin.Plugin.callPluginInitMethods(Plugin.java:887)
	at com.rapidminer.tools.plugin.Plugin.initPlugins(Plugin.java:867)
	at com.rapidminer.tools.plugin.Plugin.initAll(Plugin.java:1071)
	at com.rapidminer.RapidMiner.init(RapidMiner.java:611)
	at com.rapidminer.RapidMiner.init(RapidMiner.java:553)
	at com.rapidminer.gui.RapidMinerGUI.run(RapidMinerGUI.java:310)
	at com.rapidminer.gui.RapidMinerGUI.launch(RapidMinerGUI.java:739)
	at com.rapidminer.gui.RapidMinerGUI.main(RapidMinerGUI.java:715)
	at com.rapidminer.launcher.GUILauncher.main(GUILauncher.java:334)

Apr 01, 2016 1:30:06 PM com.rapidminer.tools.config.ConfigurationManager register
INFO: Registered configurator Twitter Connection.
Apr 01, 2016 1:30:12 PM com.rapidminer.tools.cipher.FileCipherKeyProvider loadKey
WARNING: Failed to retrieve secret key: usersHomeDir\.RapidMiner\cipher.key (The system cannot find the file specified)
Apr 01, 2016 1:30:12 PM com.rapidminer.tools.cipher.FileCipherKeyProvider loadKey
WARNING: Failed to retrieve secret key: usersHomeDir\.RapidMiner\cipher.key (The system cannot find the file specified)
Apr 01, 2016 1:30:12 PM com.rapidminer.tools.cipher.FileCipherKeyProvider loadKey
WARNING: Failed to retrieve secret key: usersHomeDir\.RapidMiner\cipher.key (The system cannot find the file specified)
Apr 01, 2016 1:30:13 PM com.rapidminer.tools.cipher.FileCipherKeyProvider loadKey
WARNING: Failed to retrieve secret key: usersHomeDir\.RapidMiner\cipher.key (The system cannot find the file specified)
Apr 01, 2016 1:30:13 PM com.rapidminer.tools.config.ConfigurationManager loadConfiguration
INFO: Load configuration for Amazon S3 Connection.
Apr 01, 2016 1:30:13 PM com.rapidminer.tools.config.ClientConfigurationManager loadAllParameters
INFO: No configuration file found for Amazon S3 Connection
Apr 01, 2016 1:30:13 PM com.rapidminer.tools.config.ConfigurationManager loadConfiguration
INFO: Loaded configurations for 0 objects of type Amazon S3 Connection.
Apr 01, 2016 1:30:13 PM com.rapidminer.tools.config.ConfigurationManager loadConfiguration
INFO: Load configuration for Dropbox Connection.
Apr 01, 2016 1:30:13 PM com.rapidminer.tools.config.ClientConfigurationManager loadAllParameters
INFO: No configuration file found for Dropbox Connection
Apr 01, 2016 1:30:13 PM com.rapidminer.tools.config.ConfigurationManager loadConfiguration
INFO: Loaded configurations for 0 objects of type Dropbox Connection.
Apr 01, 2016 1:30:13 PM com.rapidminer.tools.config.ConfigurationManager loadConfiguration
INFO: Load configuration for Salesforce Connection.
Apr 01, 2016 1:30:13 PM com.rapidminer.tools.config.ClientConfigurationManager loadAllParameters
INFO: No configuration file found for Salesforce Connection
Apr 01, 2016 1:30:13 PM com.rapidminer.tools.config.ConfigurationManager loadConfiguration
INFO: Loaded configurations for 0 objects of type Salesforce Connection.
Apr 01, 2016 1:30:13 PM com.rapidminer.tools.config.ConfigurationManager loadConfiguration
INFO: Load configuration for Twitter Connection.
Apr 01, 2016 1:30:13 PM com.rapidminer.tools.config.ClientConfigurationManager loadAllParameters
INFO: No configuration file found for Twitter Connection
Apr 01, 2016 1:30:13 PM com.rapidminer.tools.config.ConfigurationManager loadConfiguration
INFO: Loaded configurations for 0 objects of type Twitter Connection.
Apr 01, 2016 1:30:29 PM com.rapidminer.deployment.update.client.MarketplaceUpdateManager$3 run
INFO: Checking for updates.
Apr 01, 2016 1:30:32 PM com.rapidminer.deployment.update.client.MarketplaceUpdateManager$3 run
INFO: No updates since null.
Apr 01, 2016 1:30:48 PM com.rapidminer.gui.RapidMinerGUI$ShutdownHook run
INFO: Running shutdown sequence.
